0 info it worked if it ends with ok
1 verbose cli [ 'C:\\Program Files\\nodejs\\\\node.exe',
1 verbose cli   'C:\\Program Files\\nodejs\\node_modules\\npm\\bin\\npm-cli.js',
1 verbose cli   'login' ]
2 info using npm@1.3.11
3 info using node@v0.10.20
4 verbose node symlink C:\Program Files\nodejs\\node.exe
5 verbose adduser before first PUT { name: 'smks',
5 verbose adduser   salt: 'XXXXX',
5 verbose adduser   password_sha: 'XXXXX',
5 verbose adduser   email: 'shaunmstone@gmail.com',
5 verbose adduser   _id: 'org.couchdb.user:smks',
5 verbose adduser   type: 'user',
5 verbose adduser   roles: [],
5 verbose adduser   date: '2015-04-18T16:18:04.633Z' }
6 verbose url raw /-/user/org.couchdb.user:smks
7 verbose url resolving [ 'https://registry.npmjs.org/',
7 verbose url resolving   './-/user/org.couchdb.user:smks' ]
8 verbose url resolved https://registry.npmjs.org/-/user/org.couchdb.user:smks
9 info trying registry request attempt 1 at 17:18:04
10 http PUT https://registry.npmjs.org/-/user/org.couchdb.user:smks
11 http 400 https://registry.npmjs.org/-/user/org.couchdb.user:smks
12 verbose adduser back [ [Error: Unknown error while authenticating : -/user/org.couchdb.user:smks],
12 verbose adduser   { ok: false, error: 'Unknown error while authenticating' },
12 verbose adduser   '{"ok":false,"error":"Unknown error while authenticating"}' ]
13 error Error: Unknown error while authenticating : -/user/org.couchdb.user:smks
13 error     at RegClient.<anonymous> (C:\Program Files\nodejs\node_modules\npm\node_modules\npm-registry-client\lib\request.js:272:14)
13 error     at Request.self.callback (C:\Program Files\nodejs\node_modules\npm\node_modules\request\request.js:129:22)
13 error     at Request.EventEmitter.emit (events.js:98:17)
13 error     at Request.<anonymous> (C:\Program Files\nodejs\node_modules\npm\node_modules\request\request.js:873:14)
13 error     at Request.EventEmitter.emit (events.js:117:20)
13 error     at IncomingMessage.<anonymous> (C:\Program Files\nodejs\node_modules\npm\node_modules\request\request.js:824:12)
13 error     at IncomingMessage.EventEmitter.emit (events.js:117:20)
13 error     at _stream_readable.js:920:16
13 error     at process._tickCallback (node.js:415:13)
14 error If you need help, you may report this log at:
14 error     <http://github.com/isaacs/npm/issues>
14 error or email it to:
14 error     <npm-@googlegroups.com>
15 error System Windows_NT 6.1.7601
16 error command "C:\\Program Files\\nodejs\\\\node.exe" "C:\\Program Files\\nodejs\\node_modules\\npm\\bin\\npm-cli.js" "login"
17 error cwd C:\Users\Shaun Stone\Desktop\ab-significance
18 error node -v v0.10.20
19 error npm -v 1.3.11
20 verbose exit [ 1, true ]
